{"name": "test_create_order_with_auth", "status": "failed", "statusDetails": {"message": "AssertionError: assert 400 == 200\n +  where 400 = <Response [400]>.status_code", "trace": "self = <tests.test_order_creation.TestOrderCreation object at 0x000002B474BA20F0>\nauthorized_user = 'Bearer eyJhbGciOiJIUzI1NiIsInR5cCI6IkpXVCJ9.eyJpZCI6IjY2YTIyMmM4OWVkMjgwMDAxYjQ3YjM2ZSIsImlhdCI6MTcyMTkwMTc2OCwiZXhwIjoxNzIxOTAyOTY4fQ.Rqu5IJKZVJKgFb6k9SSUp_HXH5IibAUNdmTtQ2jM3Vs'\n\n    @allure.story('Create order with authorization')\n    def test_create_order_with_auth(self, authorized_user):\n        api = StellarBurgersApi()\n        ingredients = [\"60d3b41abdacab0026a733c6\", \"609646e4dc916e00276b2870\"]\n    \n        response = api.create_order(ingredients, authorized_user)\n    \n>       assert response.status_code == 200\nE       assert 400 == 200\nE        +  where 400 = <Response [400]>.status_code\n\ntests\\test_order_creation.py:25: AssertionError"}, "start": 1721901768641, "stop": 1721901768754, "uuid": "fb18a78b-721b-4834-891f-75df413eaf3d", "historyId": "9300ae55c8a9b21fbe5186691f2035dd", "testCaseId": "9300ae55c8a9b21fbe5186691f2035dd", "fullName": "tests.test_order_creation.TestOrderCreation#test_create_order_with_auth", "labels": [{"name": "story", "value": "Create order with authorization"}, {"name": "feature", "value": "Order Creation"}, {"name": "parentSuite", "value": "tests"}, {"name": "suite", "value": "test_order_creation"}, {"name": "subSuite", "value": "TestOrderCreation"}, {"name": "host", "value": "DESKTOP-HPT8HPV"}, {"name": "thread", "value": "18704-MainThread"}, {"name": "framework", "value": "pytest"}, {"name": "language", "value": "cpython3"}, {"name": "package", "value": "tests.test_order_creation"}]}